  1강_hello world.c
  3강_변수.c
C:\Users\Jung\Documents\GitHub\C_STUDY_0610\Hello world\3강_변수.c(55,34): warning C4244: '초기화 중': 'int'에서 'float'(으)로 변환하면서 데이터가 손실될 수 있습니다.
  2강_컴파일러.c
  4강_이스케이프.c
  4강_입력.c
  lectures10.c
C:\Users\Jung\Documents\GitHub\C_STUDY_0610\Hello world\lectures10.c(62,21): warning C4244: '초기화 중': 'double'에서 'int'(으)로 변환하면서 데이터가 손실될 수 있습니다.
C:\Users\Jung\Documents\GitHub\C_STUDY_0610\Hello world\lectures10.c(66,13): warning C4244: '초기화 중': 'double'에서 'int'(으)로 변환하면서 데이터가 손실될 수 있습니다.
  lectures11.c
  lectures12.c
  lectures12_3.c
  lectures13.c
C:\Users\Jung\Documents\GitHub\C_STUDY_0610\Hello world\lectures13.c(28,21): warning C4474: 'printf' : 서식 문자열에 전달된 인수가 너무 많습니다.
C:\Users\Jung\Documents\GitHub\C_STUDY_0610\Hello world\lectures13.c(28,21): message : 자리 표시자 및 해당 매개 변수에는 variadic 인수가 0개 필요하지만 1개가 제공되었습니다.
C:\Users\Jung\Documents\GitHub\C_STUDY_0610\Hello world\lectures13.c(40,21): warning C4474: 'printf' : 서식 문자열에 전달된 인수가 너무 많습니다.
C:\Users\Jung\Documents\GitHub\C_STUDY_0610\Hello world\lectures13.c(40,21): message : 자리 표시자 및 해당 매개 변수에는 variadic 인수가 0개 필요하지만 1개가 제공되었습니다.
C:\Users\Jung\Documents\GitHub\C_STUDY_0610\Hello world\lectures13.c(51,6): warning C4101: 'targetnumber' :참조되지 않은 지역 변수입니다.
  lectures13_switch.c
  lectures14.c
C:\Users\Jung\Documents\GitHub\C_STUDY_0610\Hello world\lectures14.c(44,2): warning C4013: 'printf'이(가) 정의되지 않았습니다. extern은 int형을 반환하는 것으로 간주합니다.
C:\Users\Jung\Documents\GitHub\C_STUDY_0610\Hello world\lectures14.c(65,2): warning C4013: 'scanf_s'이(가) 정의되지 않았습니다. extern은 int형을 반환하는 것으로 간주합니다.
  lectures15.c
C:\Users\Jung\Documents\GitHub\C_STUDY_0610\Hello world\lectures15.c(47,2): warning C4013: 'simplefunc'이(가) 정의되지 않았습니다. extern은 int형을 반환하는 것으로 간주합니다.
  lectures16.c
C:\Users\Jung\Documents\GitHub\C_STUDY_0610\Hello world\lectures16.c(25,38): warning C4101: 'a9' :참조되지 않은 지역 변수입니다.
C:\Users\Jung\Documents\GitHub\C_STUDY_0610\Hello world\lectures16.c(25,14): warning C4101: 'a3' :참조되지 않은 지역 변수입니다.
C:\Users\Jung\Documents\GitHub\C_STUDY_0610\Hello world\lectures16.c(25,10): warning C4101: 'a2' :참조되지 않은 지역 변수입니다.
C:\Users\Jung\Documents\GitHub\C_STUDY_0610\Hello world\lectures16.c(25,6): warning C4101: 'a1' :참조되지 않은 지역 변수입니다.
C:\Users\Jung\Documents\GitHub\C_STUDY_0610\Hello world\lectures16.c(25,22): warning C4101: 'a5' :참조되지 않은 지역 변수입니다.
C:\Users\Jung\Documents\GitHub\C_STUDY_0610\Hello world\lectures16.c(25,42): warning C4101: 'a10' :참조되지 않은 지역 변수입니다.
C:\Users\Jung\Documents\GitHub\C_STUDY_0610\Hello world\lectures16.c(25,26): warning C4101: 'a6' :참조되지 않은 지역 변수입니다.
C:\Users\Jung\Documents\GitHub\C_STUDY_0610\Hello world\lectures16.c(25,18): warning C4101: 'a4' :참조되지 않은 지역 변수입니다.
C:\Users\Jung\Documents\GitHub\C_STUDY_0610\Hello world\lectures16.c(25,34): warning C4101: 'a8' :참조되지 않은 지역 변수입니다.
C:\Users\Jung\Documents\GitHub\C_STUDY_0610\Hello world\lectures16.c(25,30): warning C4101: 'a7' :참조되지 않은 지역 변수입니다.
  lectures17.c
C:\Users\Jung\Documents\GitHub\C_STUDY_0610\Hello world\lectures17.c(134,37): warning C4101: 'temp_num' :참조되지 않은 지역 변수입니다.
C:\Users\Jung\Documents\GitHub\C_STUDY_0610\Hello world\lectures17.c(43,6): warning C4101: 'num2' :참조되지 않은 지역 변수입니다.
  lectures18.c
C:\Users\Jung\Documents\GitHub\C_STUDY_0610\Hello world\lectures18.c(30,7): warning C4047: '초기화 중': 'int *'의 간접 참조 수준이 'int'과(와) 다릅니다.
C:\Users\Jung\Documents\GitHub\C_STUDY_0610\Hello world\lectures18.c(31,7): warning C4047: '초기화 중': 'int *'의 간접 참조 수준이 'int'과(와) 다릅니다.
  lectures4.c
  lectures5.c
  lectures6.c
C:\Users\Jung\Documents\GitHub\C_STUDY_0610\Hello world\lectures6.c(74,6): warning C4305: '=': 'int'에서 'char'(으)로 잘립니다.
  lectures7.c
C:\Users\Jung\Documents\GitHub\C_STUDY_0610\Hello world\lectures7.c(68,8): warning C4305: '=': 'int'에서 'char'(으)로 잘립니다.
C:\Users\Jung\Documents\GitHub\C_STUDY_0610\Hello world\lectures7.c(77,17): warning C4305: '초기화 중': 'int'에서 'char'(으)로 잘립니다.
  코드를 생성하고 있습니다...
  컴파일하고 있습니다...
  lectures8.c
C:\Users\Jung\Documents\GitHub\C_STUDY_0610\Hello world\lectures8.c(106,14): warning C4305: '+=': 'double'에서 'float'(으)로 잘립니다.
C:\Users\Jung\Documents\GitHub\C_STUDY_0610\Hello world\lectures8.c(144,18): warning C4552: '<<': 식의 결과가 사용되지 않습니다.
C:\Users\Jung\Documents\GitHub\C_STUDY_0610\Hello world\lectures8.c(149,18): warning C4552: '>>': 식의 결과가 사용되지 않습니다.
  lectures9.c
C:\Users\Jung\Documents\GitHub\C_STUDY_0610\Hello world\lectures9.c(137,24): warning C4215: 비표준 확장이 사용됨: long float입니다.
C:\Users\Jung\Documents\GitHub\C_STUDY_0610\Hello world\lectures9.c(198,10): warning C4477: 'scanf_s' : 서식 문자열 '%f'에 'float *' 형식의 인수가 필요하지만 variadic 인수 1의 형식이 'const double *'입니다.
  단축키 모음.c
C:\Users\Jung\Documents\GitHub\C_STUDY_0610\Hello world\단축키 모음.c(1,1): warning C4828: 파일에 0x392 오프셋에서 시작하는 문자가 포함되어 있습니다. 이 문자는 현재 원본 문자 집합에서 잘못된 문자입니다(코드 페이지 949).
  메인.c
  lectures1.c
  lectures2.c
  lectures3.c
C:\Users\Jung\Documents\GitHub\C_STUDY_0610\Hello world\lectures3.c(55,34): warning C4244: '초기화 중': 'int'에서 'float'(으)로 변환하면서 데이터가 손실될 수 있습니다.
  코드를 생성하고 있습니다...
3강_변수.obj : error LNK2005: _main이(가) 1강_hello world.obj에 이미 정의되어 있습니다.
2강_컴파일러.obj : error LNK2005: _main이(가) 1강_hello world.obj에 이미 정의되어 있습니다.
4강_이스케이프.obj : error LNK2005: _main이(가) 1강_hello world.obj에 이미 정의되어 있습니다.
4강_입력.obj : error LNK2005: _main이(가) 1강_hello world.obj에 이미 정의되어 있습니다.
메인.obj : error LNK2005: _main이(가) 1강_hello world.obj에 이미 정의되어 있습니다.
C:\Users\Jung\Documents\GitHub\C_STUDY_0610\Hello world\Debug\Hello world.exe : fatal error LNK1169: 여러 번 정의된 기호가 있습니다.
