c:\users\administrator\desktop\cstudy_0610\helloworld\helloworld\x64\debug\vc143.pdb
c:\users\administrator\desktop\cstudy_0610\helloworld\helloworld\x64\debug\vc143.idb
c:\users\administrator\desktop\cstudy_0610\helloworld\helloworld\x64\debug\lecture25.obj
c:\users\administrator\desktop\cstudy_0610\helloworld\helloworld\x64\debug\lecture24.obj
c:\users\administrator\desktop\cstudy_0610\helloworld\helloworld\x64\debug\lecture23.obj
c:\users\administrator\desktop\cstudy_0610\helloworld\helloworld\x64\debug\lecture22.obj
c:\users\administrator\desktop\cstudy_0610\helloworld\helloworld\x64\debug\lecture21.obj
c:\users\administrator\desktop\cstudy_0610\helloworld\helloworld\x64\debug\lecture20.obj
c:\users\administrator\desktop\cstudy_0610\helloworld\helloworld\x64\debug\lecture2.obj
c:\users\administrator\desktop\cstudy_0610\helloworld\helloworld\x64\debug\lecture19.obj
c:\users\administrator\desktop\cstudy_0610\helloworld\helloworld\x64\debug\lecture18.obj
c:\users\administrator\desktop\cstudy_0610\helloworld\helloworld\x64\debug\lecture17.obj
c:\users\administrator\desktop\cstudy_0610\helloworld\helloworld\x64\debug\lecture16.obj
c:\users\administrator\desktop\cstudy_0610\helloworld\helloworld\x64\debug\lecture15.obj
c:\users\administrator\desktop\cstudy_0610\helloworld\helloworld\x64\debug\lecture14.obj
c:\users\administrator\desktop\cstudy_0610\helloworld\helloworld\x64\debug\lecture13_switch.obj
c:\users\administrator\desktop\cstudy_0610\helloworld\helloworld\x64\debug\lecture13.obj
c:\users\administrator\desktop\cstudy_0610\helloworld\helloworld\x64\debug\lecture12_3.obj
c:\users\administrator\desktop\cstudy_0610\helloworld\helloworld\x64\debug\lecture12.obj
c:\users\administrator\desktop\cstudy_0610\helloworld\helloworld\x64\debug\lecture11.obj
c:\users\administrator\desktop\cstudy_0610\helloworld\helloworld\x64\debug\lecture10.obj
c:\users\administrator\desktop\cstudy_0610\helloworld\helloworld\x64\debug\lecture1.obj
c:\users\administrator\desktop\cstudy_0610\helloworld\helloworld\x64\debug\메인.obj
c:\users\administrator\desktop\cstudy_0610\helloworld\helloworld\x64\debug\lecture9.obj
c:\users\administrator\desktop\cstudy_0610\helloworld\helloworld\x64\debug\lecture8.obj
c:\users\administrator\desktop\cstudy_0610\helloworld\helloworld\x64\debug\lecture7.obj
c:\users\administrator\desktop\cstudy_0610\helloworld\helloworld\x64\debug\lecture6.obj
c:\users\administrator\desktop\cstudy_0610\helloworld\helloworld\x64\debug\lecture5.obj
c:\users\administrator\desktop\cstudy_0610\helloworld\helloworld\x64\debug\lecture4.obj
c:\users\administrator\desktop\cstudy_0610\helloworld\helloworld\x64\debug\lecture3.obj
c:\users\administrator\desktop\cstudy_0610\helloworld\helloworld\x64\debug\lecture26.obj
c:\users\administrator\desktop\cstudy_0610\helloworld\helloworld\x64\debug\filefunc.obj
c:\users\administrator\desktop\cstudy_0610\helloworld\helloworld\x64\debug\lecture27.obj
c:\users\administrator\desktop\cstudy_0610\helloworld\x64\debug\helloworld.exe
c:\users\administrator\desktop\cstudy_0610\helloworld\x64\debug\helloworld.pdb
c:\users\administrator\desktop\cstudy_0610\helloworld\helloworld\x64\debug\helloworld.ilk
c:\users\administrator\desktop\cstudy_0610\helloworld\helloworld\x64\debug\helloworld.tlog\cl.command.1.tlog
c:\users\administrator\desktop\cstudy_0610\helloworld\helloworld\x64\debug\helloworld.tlog\cl.items.tlog
c:\users\administrator\desktop\cstudy_0610\helloworld\helloworld\x64\debug\helloworld.tlog\cl.read.1.tlog
c:\users\administrator\desktop\cstudy_0610\helloworld\helloworld\x64\debug\helloworld.tlog\cl.write.1.tlog
c:\users\administrator\desktop\cstudy_0610\helloworld\helloworld\x64\debug\helloworld.tlog\link.command.1.tlog
c:\users\administrator\desktop\cstudy_0610\helloworld\helloworld\x64\debug\helloworld.tlog\link.read.1.tlog
c:\users\administrator\desktop\cstudy_0610\helloworld\helloworld\x64\debug\helloworld.tlog\link.secondary.1.tlog
c:\users\administrator\desktop\cstudy_0610\helloworld\helloworld\x64\debug\helloworld.tlog\link.write.1.tlog
